SELECT CAST('test plain returns' AS VARCHAR(60)) AS anon_1
()
SELECT CAST('test unicode returns' AS VARCHAR(60)) AS anon_1
()
BEGIN (implicit)
SELECT radios.id AS radios_id, radios.name AS radios_name, radios.url AS radios_url 
FROM radios
()
ROLLBACK
2020-09-20 16:31:04,511 - sqlalchemy.engine.base.Engine - INFO - SELECT CAST('test plain returns' AS VARCHAR(60)) AS anon_1
2020-09-20 16:31:04,511 - sqlalchemy.engine.base.Engine - INFO - ()
2020-09-20 16:31:04,511 - sqlalchemy.engine.base.Engine - INFO - SELECT CAST('test unicode returns' AS VARCHAR(60)) AS anon_1
2020-09-20 16:31:04,511 - sqlalchemy.engine.base.Engine - INFO - ()
2020-09-20 16:31:04,512 - sqlalchemy.engine.base.Engine - INFO - BEGIN (implicit)
2020-09-20 16:31:04,512 - sqlalchemy.engine.base.Engine - INFO - SELECT radios.id AS radios_id, radios.name AS radios_name, radios.url AS radios_url 
FROM radios
2020-09-20 16:31:04,513 - sqlalchemy.engine.base.Engine - INFO - ()
2020-09-20 16:31:04,513 - sqlalchemy.engine.base.Engine - INFO - ROLLBACK
2020-09-20 16:34:53,700 - sqlalchemy.engine.base.Engine - INFO - _cursor_execute - SELECT CAST('test plain returns' AS VARCHAR(60)) AS anon_1
2020-09-20 16:34:53,700 - sqlalchemy.engine.base.Engine - INFO - _cursor_execute - ()
2020-09-20 16:34:53,701 - sqlalchemy.engine.base.Engine - INFO - _cursor_execute - SELECT CAST('test unicode returns' AS VARCHAR(60)) AS anon_1
2020-09-20 16:34:53,701 - sqlalchemy.engine.base.Engine - INFO - _cursor_execute - ()
2020-09-20 16:34:53,701 - sqlalchemy.engine.base.Engine - INFO - _begin_impl - BEGIN (implicit)
2020-09-20 16:34:53,702 - sqlalchemy.engine.base.Engine - INFO - _execute_context - SELECT radios.id AS radios_id, radios.name AS radios_name, radios.url AS radios_url 
FROM radios
2020-09-20 16:34:53,702 - sqlalchemy.engine.base.Engine - INFO - _execute_context - ()
2020-09-20 16:34:53,703 - sqlalchemy.engine.base.Engine - INFO - _rollback_impl - ROLLBACK
2020-09-20 16:35:04,380 - sqlalchemy.engine.base.Engine - INFO - _begin_impl - BEGIN (implicit)
2020-09-20 16:35:04,381 - sqlalchemy.engine.base.Engine - INFO - _execute_context - SELECT radios.id AS radios_id, radios.name AS radios_name, radios.url AS radios_url 
FROM radios
2020-09-20 16:35:04,381 - sqlalchemy.engine.base.Engine - INFO - _execute_context - ()
2020-09-20 16:35:04,382 - sqlalchemy.engine.base.Engine - INFO - _rollback_impl - ROLLBACK
2020-09-20 20:33:03,497 - sqlalchemy.engine.base.Engine - INFO - _cursor_execute - SELECT CAST('test plain returns' AS VARCHAR(60)) AS anon_1
2020-09-20 20:33:03,497 - sqlalchemy.engine.base.Engine - INFO - _cursor_execute - ()
2020-09-20 20:33:03,497 - sqlalchemy.engine.base.Engine - INFO - _cursor_execute - SELECT CAST('test unicode returns' AS VARCHAR(60)) AS anon_1
2020-09-20 20:33:03,497 - sqlalchemy.engine.base.Engine - INFO - _cursor_execute - ()
2020-09-20 20:33:03,498 - sqlalchemy.engine.base.Engine - INFO - _begin_impl - BEGIN (implicit)
2020-09-20 20:33:03,498 - sqlalchemy.engine.base.Engine - INFO - _execute_context - SELECT radios.id AS radios_id, radios.name AS radios_name, radios.url AS radios_url 
FROM radios
2020-09-20 20:33:03,498 - sqlalchemy.engine.base.Engine - INFO - _execute_context - ()
2020-09-20 20:33:27,475 - sqlalchemy.engine.base.Engine - INFO - _execute_context - SELECT radios.id AS radios_id, radios.name AS radios_name, radios.url AS radios_url 
FROM radios
2020-09-20 20:33:27,475 - sqlalchemy.engine.base.Engine - INFO - _execute_context - ()
2020-09-20 20:34:47,381 - sqlalchemy.engine.base.Engine - INFO - _cursor_execute - SELECT CAST('test plain returns' AS VARCHAR(60)) AS anon_1
2020-09-20 20:34:47,381 - sqlalchemy.engine.base.Engine - INFO - _cursor_execute - ()
2020-09-20 20:34:47,381 - sqlalchemy.engine.base.Engine - INFO - _cursor_execute - SELECT CAST('test unicode returns' AS VARCHAR(60)) AS anon_1
2020-09-20 20:34:47,381 - sqlalchemy.engine.base.Engine - INFO - _cursor_execute - ()
2020-09-20 20:34:47,382 - sqlalchemy.engine.base.Engine - INFO - _begin_impl - BEGIN (implicit)
2020-09-20 20:34:47,382 - sqlalchemy.engine.base.Engine - INFO - _execute_context - SELECT radios.id AS radios_id, radios.name AS radios_name, radios.url AS radios_url 
FROM radios
2020-09-20 20:34:47,382 - sqlalchemy.engine.base.Engine - INFO - _execute_context - ()
2020-09-20 20:35:52,349 - sqlalchemy.engine.base.Engine - INFO - _execute_context - SELECT count(*) AS count_1 
FROM (SELECT radios.id AS radios_id, radios.name AS radios_name, radios.url AS radios_url 
FROM radios) AS anon_1
2020-09-20 20:35:52,349 - sqlalchemy.engine.base.Engine - INFO - _execute_context - ()
2020-09-20 20:38:49,372 - sqlalchemy.engine.base.Engine - INFO - _cursor_execute - SELECT CAST('test plain returns' AS VARCHAR(60)) AS anon_1
2020-09-20 20:38:49,372 - sqlalchemy.engine.base.Engine - INFO - _cursor_execute - ()
2020-09-20 20:38:49,372 - sqlalchemy.engine.base.Engine - INFO - _cursor_execute - SELECT CAST('test unicode returns' AS VARCHAR(60)) AS anon_1
2020-09-20 20:38:49,373 - sqlalchemy.engine.base.Engine - INFO - _cursor_execute - ()
2020-09-20 20:38:49,373 - sqlalchemy.engine.base.Engine - INFO - _begin_impl - BEGIN (implicit)
2020-09-20 20:38:49,374 - sqlalchemy.engine.base.Engine - INFO - _execute_context - SELECT radios.id AS radios_id, radios.name AS radios_name, radios.url AS radios_url 
FROM radios
2020-09-20 20:38:49,374 - sqlalchemy.engine.base.Engine - INFO - _execute_context - ()
2020-09-20 20:43:29,672 - sqlalchemy.engine.base.Engine - INFO - _execute_context - SELECT radios.id AS radios_id, radios.name AS radios_name, radios.url AS radios_url 
FROM radios 
WHERE radios.name = ?
 LIMIT ? OFFSET ?
2020-09-20 20:43:29,672 - sqlalchemy.engine.base.Engine - INFO - _execute_context - ('FIP', 1, 0)
2020-09-20 20:44:25,172 - sqlalchemy.engine.base.Engine - INFO - _cursor_execute - SELECT CAST('test plain returns' AS VARCHAR(60)) AS anon_1
2020-09-20 20:44:25,172 - sqlalchemy.engine.base.Engine - INFO - _cursor_execute - ()
2020-09-20 20:44:25,172 - sqlalchemy.engine.base.Engine - INFO - _cursor_execute - SELECT CAST('test unicode returns' AS VARCHAR(60)) AS anon_1
2020-09-20 20:44:25,173 - sqlalchemy.engine.base.Engine - INFO - _cursor_execute - ()
2020-09-20 20:44:25,173 - sqlalchemy.engine.base.Engine - INFO - _begin_impl - BEGIN (implicit)
2020-09-20 20:44:25,174 - sqlalchemy.engine.base.Engine - INFO - _execute_context - SELECT radios.id AS radios_id, radios.name AS radios_name, radios.url AS radios_url 
FROM radios 
WHERE radios.name = ?
 LIMIT ? OFFSET ?
2020-09-20 20:44:25,174 - sqlalchemy.engine.base.Engine - INFO - _execute_context - ('FIP', 1, 0)
2020-09-20 20:55:54,300 - sqlalchemy.engine.base.Engine - INFO - _cursor_execute - SELECT CAST('test plain returns' AS VARCHAR(60)) AS anon_1
2020-09-20 20:55:54,300 - sqlalchemy.engine.base.Engine - INFO - _cursor_execute - ()
2020-09-20 20:55:54,301 - sqlalchemy.engine.base.Engine - INFO - _cursor_execute - SELECT CAST('test unicode returns' AS VARCHAR(60)) AS anon_1
2020-09-20 20:55:54,301 - sqlalchemy.engine.base.Engine - INFO - _cursor_execute - ()
2020-09-20 20:55:54,302 - sqlalchemy.engine.base.Engine - INFO - _begin_impl - BEGIN (implicit)
2020-09-20 20:55:54,302 - sqlalchemy.engine.base.Engine - INFO - _execute_context - SELECT radios.id AS radios_id, radios.name AS radios_name, radios.url AS radios_url 
FROM radios
2020-09-20 20:55:54,302 - sqlalchemy.engine.base.Engine - INFO - _execute_context - ()
2020-09-20 20:56:34,139 - sqlalchemy.engine.base.Engine - INFO - _execute_context - SELECT radios.id AS radios_id, radios.name AS radios_name, radios.url AS radios_url 
FROM radios
2020-09-20 20:56:34,139 - sqlalchemy.engine.base.Engine - INFO - _execute_context - ()
2020-09-20 20:57:12,134 - sqlalchemy.engine.base.Engine - INFO - _execute_context - SELECT radios.id AS radios_id, radios.name AS radios_name, radios.url AS radios_url 
FROM radios
2020-09-20 20:57:12,135 - sqlalchemy.engine.base.Engine - INFO - _execute_context - ()
2020-09-20 20:58:30,204 - sqlalchemy.engine.base.Engine - INFO - _cursor_execute - SELECT CAST('test plain returns' AS VARCHAR(60)) AS anon_1
2020-09-20 20:58:30,205 - sqlalchemy.engine.base.Engine - INFO - _cursor_execute - ()
2020-09-20 20:58:30,205 - sqlalchemy.engine.base.Engine - INFO - _cursor_execute - SELECT CAST('test unicode returns' AS VARCHAR(60)) AS anon_1
2020-09-20 20:58:30,205 - sqlalchemy.engine.base.Engine - INFO - _cursor_execute - ()
2020-09-20 20:58:30,206 - sqlalchemy.engine.base.Engine - INFO - _begin_impl - BEGIN (implicit)
2020-09-20 20:58:30,207 - sqlalchemy.engine.base.Engine - INFO - _execute_context - SELECT radios.id AS radios_id, radios.name AS radios_name, radios.url AS radios_url 
FROM radios
2020-09-20 20:58:30,207 - sqlalchemy.engine.base.Engine - INFO - _execute_context - ()
2020-09-20 20:59:52,593 - sqlalchemy.engine.base.Engine - INFO - _cursor_execute - SELECT CAST('test plain returns' AS VARCHAR(60)) AS anon_1
2020-09-20 20:59:52,593 - sqlalchemy.engine.base.Engine - INFO - _cursor_execute - ()
2020-09-20 20:59:52,594 - sqlalchemy.engine.base.Engine - INFO - _cursor_execute - SELECT CAST('test unicode returns' AS VARCHAR(60)) AS anon_1
2020-09-20 20:59:52,594 - sqlalchemy.engine.base.Engine - INFO - _cursor_execute - ()
2020-09-20 20:59:52,594 - sqlalchemy.engine.base.Engine - INFO - _begin_impl - BEGIN (implicit)
2020-09-20 20:59:52,595 - sqlalchemy.engine.base.Engine - INFO - _execute_context - SELECT "dbImports".id AS "dbImports_id", "dbImports".import_date AS "dbImports_import_date", "dbImports".num_tracks_added AS "dbImports_num_tracks_added", "dbImports".num_tracks_requested AS "dbImports_num_tracks_requested", "dbImports".radio_name AS "dbImports_radio_name" 
FROM "dbImports"
2020-09-20 20:59:52,595 - sqlalchemy.engine.base.Engine - INFO - _execute_context - ()
2020-09-20 21:03:03,702 - sqlalchemy.engine.base.Engine - INFO - _cursor_execute - SELECT CAST('test plain returns' AS VARCHAR(60)) AS anon_1
2020-09-20 21:03:03,702 - sqlalchemy.engine.base.Engine - INFO - _cursor_execute - ()
2020-09-20 21:03:03,703 - sqlalchemy.engine.base.Engine - INFO - _cursor_execute - SELECT CAST('test unicode returns' AS VARCHAR(60)) AS anon_1
2020-09-20 21:03:03,703 - sqlalchemy.engine.base.Engine - INFO - _cursor_execute - ()
2020-09-20 21:03:03,704 - sqlalchemy.engine.base.Engine - INFO - _begin_impl - BEGIN (implicit)
2020-09-20 21:03:03,705 - sqlalchemy.engine.base.Engine - INFO - _execute_context - SELECT radios.id AS radios_id, radios.name AS radios_name, radios.url AS radios_url 
FROM radios
2020-09-20 21:03:03,706 - sqlalchemy.engine.base.Engine - INFO - _execute_context - ()
2020-09-20 21:05:01,682 - sqlalchemy.engine.base.Engine - INFO - _execute_context - SELECT radios.id AS radios_id, radios.name AS radios_name, radios.url AS radios_url 
FROM radios
2020-09-20 21:05:01,683 - sqlalchemy.engine.base.Engine - INFO - _execute_context - ()
2020-09-20 21:10:54,935 - sqlalchemy.engine.base.Engine - INFO - _cursor_execute - SELECT CAST('test plain returns' AS VARCHAR(60)) AS anon_1
2020-09-20 21:10:54,936 - sqlalchemy.engine.base.Engine - INFO - _cursor_execute - ()
2020-09-20 21:10:54,937 - sqlalchemy.engine.base.Engine - INFO - _cursor_execute - SELECT CAST('test unicode returns' AS VARCHAR(60)) AS anon_1
2020-09-20 21:10:54,937 - sqlalchemy.engine.base.Engine - INFO - _cursor_execute - ()
2020-09-20 21:10:54,938 - sqlalchemy.engine.base.Engine - INFO - _begin_impl - BEGIN (implicit)
2020-09-20 21:10:54,938 - sqlalchemy.engine.base.Engine - INFO - _execute_context - SELECT radios.id AS radios_id, radios.name AS radios_name, radios.url AS radios_url 
FROM radios
2020-09-20 21:10:54,938 - sqlalchemy.engine.base.Engine - INFO - _execute_context - ()
2020-09-20 21:11:02,463 - sqlalchemy.engine.base.Engine - INFO - _begin_impl - BEGIN (implicit)
2020-09-20 21:11:02,463 - sqlalchemy.engine.base.Engine - INFO - _execute_context - SELECT tracks.id AS tracks_id, tracks.common_name AS tracks_common_name, tracks.title AS tracks_title, tracks.artist AS tracks_artist, tracks.album_name AS tracks_album_name, tracks.album_year AS tracks_album_year, tracks.duration AS tracks_duration, tracks.play_date AS tracks_play_date, tracks.radio_name AS tracks_radio_name, tracks.db_import_date AS tracks_db_import_date, tracks.spotify_export_date AS tracks_spotify_export_date, tracks.download_link AS tracks_download_link, tracks.failed_to_downloaded AS tracks_failed_to_downloaded, tracks.reviewed AS tracks_reviewed, tracks.in_spotify AS tracks_in_spotify, tracks.failed_to_spotify AS tracks_failed_to_spotify, tracks.genre AS tracks_genre, tracks.youtube_link AS tracks_youtube_link 
FROM tracks 
WHERE tracks.radio_name = ?
2020-09-20 21:11:02,464 - sqlalchemy.engine.base.Engine - INFO - _execute_context - ('FIP_JAZZ',)
2020-09-20 21:11:02,519 - sqlalchemy.engine.base.Engine - INFO - _rollback_impl - ROLLBACK
2020-09-20 21:12:36,035 - sqlalchemy.engine.base.Engine - INFO - _execute_context - SELECT radios.id AS radios_id, radios.name AS radios_name, radios.url AS radios_url 
FROM radios
2020-09-20 21:12:36,035 - sqlalchemy.engine.base.Engine - INFO - _execute_context - ()
2020-09-20 21:12:54,162 - sqlalchemy.engine.base.Engine - INFO - _execute_context - SELECT tracks.common_name AS tracks_common_name 
FROM tracks
2020-09-20 21:12:54,162 - sqlalchemy.engine.base.Engine - INFO - _execute_context - ()
2020-09-20 21:12:54,204 - sqlalchemy.engine.base.Engine - INFO - _rollback_impl - ROLLBACK
2020-09-20 21:13:14,659 - sqlalchemy.engine.base.Engine - INFO - _begin_impl - BEGIN (implicit)
2020-09-20 21:13:14,659 - sqlalchemy.engine.base.Engine - INFO - _execute_context - SELECT tracks.common_name AS tracks_common_name 
FROM tracks
2020-09-20 21:13:14,659 - sqlalchemy.engine.base.Engine - INFO - _execute_context - ()
2020-09-20 21:13:14,708 - sqlalchemy.engine.base.Engine - INFO - _rollback_impl - ROLLBACK
2020-09-20 21:13:34,737 - sqlalchemy.engine.base.Engine - INFO - _begin_impl - BEGIN (implicit)
2020-09-20 21:13:34,738 - sqlalchemy.engine.base.Engine - INFO - _execute_context - SELECT tracks.common_name AS tracks_common_name 
FROM tracks
2020-09-20 21:13:34,738 - sqlalchemy.engine.base.Engine - INFO - _execute_context - ()
2020-09-20 21:13:34,776 - sqlalchemy.engine.base.Engine - INFO - _rollback_impl - ROLLBACK
2020-09-20 21:13:54,651 - sqlalchemy.engine.base.Engine - INFO - _begin_impl - BEGIN (implicit)
2020-09-20 21:13:54,652 - sqlalchemy.engine.base.Engine - INFO - _execute_context - SELECT tracks.common_name AS tracks_common_name 
FROM tracks
2020-09-20 21:13:54,652 - sqlalchemy.engine.base.Engine - INFO - _execute_context - ()
2020-09-20 21:13:54,689 - sqlalchemy.engine.base.Engine - INFO - _rollback_impl - ROLLBACK
2020-09-20 21:14:14,818 - sqlalchemy.engine.base.Engine - INFO - _begin_impl - BEGIN (implicit)
2020-09-20 21:14:14,818 - sqlalchemy.engine.base.Engine - INFO - _execute_context - SELECT tracks.common_name AS tracks_common_name 
FROM tracks
2020-09-20 21:14:14,818 - sqlalchemy.engine.base.Engine - INFO - _execute_context - ()
2020-09-20 21:14:14,864 - sqlalchemy.engine.base.Engine - INFO - _rollback_impl - ROLLBACK
2020-09-20 21:14:35,931 - sqlalchemy.engine.base.Engine - INFO - _begin_impl - BEGIN (implicit)
2020-09-20 21:14:35,931 - sqlalchemy.engine.base.Engine - INFO - _execute_context - SELECT tracks.common_name AS tracks_common_name 
FROM tracks
2020-09-20 21:14:35,931 - sqlalchemy.engine.base.Engine - INFO - _execute_context - ()
2020-09-20 21:14:35,969 - sqlalchemy.engine.base.Engine - INFO - _rollback_impl - ROLLBACK
2020-09-20 21:14:56,410 - sqlalchemy.engine.base.Engine - INFO - _begin_impl - BEGIN (implicit)
2020-09-20 21:14:56,410 - sqlalchemy.engine.base.Engine - INFO - _execute_context - SELECT tracks.common_name AS tracks_common_name 
FROM tracks
2020-09-20 21:14:56,410 - sqlalchemy.engine.base.Engine - INFO - _execute_context - ()
2020-09-20 21:14:56,450 - sqlalchemy.engine.base.Engine - INFO - _rollback_impl - ROLLBACK
2020-09-20 21:15:18,491 - sqlalchemy.engine.base.Engine - INFO - _begin_impl - BEGIN (implicit)
2020-09-20 21:15:18,491 - sqlalchemy.engine.base.Engine - INFO - _execute_context - SELECT tracks.common_name AS tracks_common_name 
FROM tracks
2020-09-20 21:15:18,491 - sqlalchemy.engine.base.Engine - INFO - _execute_context - ()
2020-09-20 21:15:18,537 - sqlalchemy.engine.base.Engine - INFO - _rollback_impl - ROLLBACK
2020-09-20 21:17:23,470 - sqlalchemy.engine.base.Engine - INFO - _begin_impl - BEGIN (implicit)
2020-09-20 21:17:23,471 - sqlalchemy.engine.base.Engine - INFO - _execute_context - SELECT tracks.common_name AS tracks_common_name 
FROM tracks
2020-09-20 21:17:23,471 - sqlalchemy.engine.base.Engine - INFO - _execute_context - ()
2020-09-20 21:17:25,561 - sqlalchemy.engine.base.Engine - INFO - _rollback_impl - ROLLBACK
